{
  "RSpec": {
    "coverage": {
      "/Users/xander/turing/4mod/projects/tea_subscription_2308/config/environment.rb": {
        "lines": [
          null,
          1,
          null,
          null,
          1
        ]
      },
      "/Users/xander/turing/4mod/projects/tea_subscription_2308/config/application.rb": {
        "lines": [
          1,
          null,
          1,
          null,
          1,
          1,
          1,
          1,
          1,
          1,
          1,
          1,
          1,
          1,
          null,
          null,
          null,
          null,
          1,
          null,
          1,
          1,
          null,
          1,
          null,
          null,
          null,
          null,
          1,
          null,
          null,
          null,
          null,
          null,
          null,
          null,
          null,
          null,
          null,
          null,
          null,
          1,
          null,
          null
        ]
      },
      "/Users/xander/turing/4mod/projects/tea_subscription_2308/config/boot.rb": {
        "lines": [
          1,
          null,
          1,
          1
        ]
      },
      "/Users/xander/turing/4mod/projects/tea_subscription_2308/config/environments/test.rb": {
        "lines": [
          1,
          null,
          null,
          null,
          null,
          null,
          null,
          1,
          null,
          null,
          null,
          1,
          null,
          null,
          null,
          null,
          null,
          1,
          null,
          null,
          1,
          1,
          null,
          null,
          null,
          null,
          1,
          1,
          1,
          null,
          null,
          1,
          null,
          null,
          1,
          null,
          null,
          1,
          null,
          1,
          null,
          null,
          null,
          null,
          1,
          null,
          null,
          1,
          null,
          null,
          1,
          null,
          null,
          1,
          null,
          null,
          null,
          null,
          null,
          null,
          null,
          null,
          1,
          null
        ]
      },
      "/Users/xander/turing/4mod/projects/tea_subscription_2308/config/initializers/cors.rb": {
        "lines": [
          null,
          null,
          null,
          null,
          null,
          null,
          null,
          null,
          null,
          null,
          null,
          null,
          null,
          null,
          null,
          null
        ]
      },
      "/Users/xander/turing/4mod/projects/tea_subscription_2308/config/initializers/filter_parameter_logging.rb": {
        "lines": [
          null,
          null,
          null,
          null,
          null,
          1,
          null,
          null
        ]
      },
      "/Users/xander/turing/4mod/projects/tea_subscription_2308/config/initializers/inflections.rb": {
        "lines": [
          null,
          null,
          null,
          null,
          null,
          null,
          null,
          null,
          null,
          null,
          null,
          null,
          null,
          null,
          null,
          null
        ]
      },
      "/Users/xander/turing/4mod/projects/tea_subscription_2308/spec/factories/customers.rb": {
        "lines": [
          1,
          1,
          1,
          1,
          1,
          1,
          null,
          null
        ]
      },
      "/Users/xander/turing/4mod/projects/tea_subscription_2308/spec/factories/subscriptions.rb": {
        "lines": [
          1,
          1,
          1,
          1,
          1,
          1,
          1,
          1,
          null,
          null
        ]
      },
      "/Users/xander/turing/4mod/projects/tea_subscription_2308/spec/factories/teas.rb": {
        "lines": [
          1,
          1,
          1,
          1,
          1,
          1,
          null,
          null
        ]
      },
      "/Users/xander/turing/4mod/projects/tea_subscription_2308/config/routes.rb": {
        "lines": [
          1,
          null,
          null,
          null,
          null,
          1,
          null,
          null,
          null,
          null
        ]
      },
      "/Users/xander/turing/4mod/projects/tea_subscription_2308/app/models/customer.rb": {
        "lines": [
          1,
          1,
          1,
          1,
          1,
          null
        ]
      },
      "/Users/xander/turing/4mod/projects/tea_subscription_2308/app/models/application_record.rb": {
        "lines": [
          1,
          1,
          null
        ]
      },
      "/Users/xander/turing/4mod/projects/tea_subscription_2308/spec/models/subscription_spec.rb": {
        "lines": [
          1,
          null,
          1,
          1,
          2,
          2,
          2,
          2,
          null,
          1,
          2,
          2,
          null,
          null
        ]
      },
      "/Users/xander/turing/4mod/projects/tea_subscription_2308/app/models/subscription.rb": {
        "lines": [
          1,
          1,
          1,
          1,
          null,
          1,
          null
        ]
      },
      "/Users/xander/turing/4mod/projects/tea_subscription_2308/spec/models/tea_spec.rb": {
        "lines": [
          1,
          null,
          1,
          1,
          2,
          2,
          2,
          2,
          null,
          1,
          2,
          null,
          null
        ]
      },
      "/Users/xander/turing/4mod/projects/tea_subscription_2308/app/models/tea.rb": {
        "lines": [
          1,
          1,
          1,
          null
        ]
      },
      "/Users/xander/turing/4mod/projects/tea_subscription_2308/spec/requests/api/v0/cancel_request_spec.rb": {
        "lines": [
          null
        ]
      },
      "/Users/xander/turing/4mod/projects/tea_subscription_2308/spec/requests/api/v0/subs_index_request_spec.rb": {
        "lines": [
          null
        ]
      },
      "/Users/xander/turing/4mod/projects/tea_subscription_2308/spec/requests/api/v0/subscribe_request_spec.rb": {
        "lines": [
          null
        ]
      },
      "/Users/xander/turing/4mod/projects/tea_subscription_2308/spec/serializers/tea_serializer_spec.rb": {
        "lines": [
          null,
          null,
          null,
          null,
          null,
          null,
          null,
          null,
          null,
          null,
          null,
          null,
          null,
          null,
          null,
          null
        ]
      }
    },
    "timestamp": 1706326011
  }
}
